#
# There is insufficient memory for the Java Runtime Environment to continue.
# Native memory allocation (mmap) failed to map 125304832 bytes for committing reserved memory.
# Possible reasons:
#   The system is out of physical RAM or swap space
#   In 32 bit mode, the process size limit was hit
# Possible solutions:
#   Reduce memory load on the system
#   Increase physical memory or swap space
#   Check if swap backing store is full
#   Use 64 bit Java on a 64 bit OS
#   Decrease Java heap size (-Xmx/-Xms)
#   Decrease number of Java threads
#   Decrease Java thread stack sizes (-Xss)
#   Set larger code cache with -XX:ReservedCodeCacheSize=
# This output file may be truncated or incomplete.
#
#  Out of Memory Error (os_linux.cpp:2743), pid=9411, tid=0x00007f9814875700
#
# JRE version: Java(TM) SE Runtime Environment (8.0_191-b12) (build 1.8.0_191-b12)
# Java VM: Java HotSpot(TM) 64-Bit Server VM (25.191-b12 mixed mode linux-amd64 compressed oops)
# Failed to write core dump. Core dumps have been disabled. To enable core dumping, try "ulimit -c unlimited" before starting Java again
#

---------------  T H R E A D  ---------------

Current thread (0x00007f9828140800):  VMThread [stack: 0x00007f9814776000,0x00007f9814876000] [id=9421]

Stack: [0x00007f9814776000,0x00007f9814876000],  sp=0x00007f9814874430,  free space=1017k
Native frames: (J=compiled Java code, j=interpreted, Vv=VM code, C=native code)
V  [libjvm.so+0xace425]  VMError::report_and_die()+0x2c5
V  [libjvm.so+0x4deb77]  report_vm_out_of_memory(char const*, int, unsigned long, VMErrorType, char const*)+0x67
V  [libjvm.so+0x90c570]  os::pd_commit_memory(char*, unsigned long, unsigned long, bool)+0x100
V  [libjvm.so+0x903eaf]  os::commit_memory(char*, unsigned long, unsigned long, bool)+0x1f
V  [libjvm.so+0x988346]  PSVirtualSpace::expand_by(unsigned long)+0x56
V  [libjvm.so+0x9895d8]  PSYoungGen::resize(unsigned long, unsigned long)+0xd8
V  [libjvm.so+0x985d66]  PSScavenge::invoke_no_policy()+0x1356
V  [libjvm.so+0x98610c]  PSScavenge::invoke()+0x4c
V  [libjvm.so+0x935fb8]  ParallelScavengeHeap::failed_mem_allocate(unsigned long)+0x68
V  [libjvm.so+0xacff53]  VM_ParallelGCFailedAllocation::doit()+0x93
V  [libjvm.so+0xad50f6]  VM_Operation::evaluate()+0x46
V  [libjvm.so+0xad347d]  VMThread::evaluate_operation(VM_Operation*) [clone .constprop.44]+0xcd
V  [libjvm.so+0xad3a3b]  VMThread::loop()+0x37b
V  [libjvm.so+0xad3de8]  VMThread::run()+0x78
V  [libjvm.so+0x909c92]  java_start(Thread*)+0x102

VM_Operation (0x00007f9831295dc0): ParallelGCFailedAllocation, mode: safepoint, requested by thread 0x00007f982800b800


---------------  P R O C E S S  ---------------

Java Threads: ( => current thread )
  0x00007f97d404a000 JavaThread "process reaper" daemon [_thread_blocked, id=9433, stack(0x00007f980eea1000,0x00007f980eeda000)]
  0x00007f9828272000 JavaThread "surefire-forkedjvm-ping-30s" daemon [_thread_blocked, id=9431, stack(0x00007f980efc2000,0x00007f980f0c3000)]
  0x00007f982825d000 JavaThread "surefire-forkedjvm-command-thread" daemon [_thread_in_native, id=9430, stack(0x00007f980f2cd000,0x00007f980f3ce000)]
  0x00007f982818a000 JavaThread "Service Thread" daemon [_thread_blocked, id=9428, stack(0x00007f981406e000,0x00007f981416f000)]
  0x00007f9828187000 JavaThread "C1 CompilerThread2" daemon [_thread_blocked, id=9427, stack(0x00007f9814170000,0x00007f9814270000)]
  0x00007f9828185000 JavaThread "C2 CompilerThread1" daemon [_thread_blocked, id=9426, stack(0x00007f9814271000,0x00007f9814371000)]
  0x00007f9828182800 JavaThread "C2 CompilerThread0" daemon [_thread_blocked, id=9425, stack(0x00007f9814372000,0x00007f9814472000)]
  0x00007f9828181000 JavaThread "Signal Dispatcher" daemon [_thread_blocked, id=9424, stack(0x00007f9814472000,0x00007f9814573000)]
  0x00007f982814c800 JavaThread "Finalizer" daemon [_thread_blocked, id=9423, stack(0x00007f9814573000,0x00007f9814674000)]
  0x00007f982814a000 JavaThread "Reference Handler" daemon [_thread_blocked, id=9422, stack(0x00007f9814674000,0x00007f9814775000)]
  0x00007f982800b800 JavaThread "main" [_thread_blocked, id=9416, stack(0x00007f983119b000,0x00007f983129b000)]

Other Threads:
=>0x00007f9828140800 VMThread [stack: 0x00007f9814776000,0x00007f9814876000] [id=9421]
  0x00007f982818f000 WatcherThread [stack: 0x00007f980f3cf000,0x00007f980f4cf000] [id=9429]

VM state:at safepoint (normal execution)

VM Mutex/Monitor currently owned by a thread:  ([mutex/lock_event])
[0x00007f9828007c20] Threads_lock - owner thread: 0x00007f9828140800
[0x00007f9828008120] Heap_lock - owner thread: 0x00007f982800b800

Heap:
 PSYoungGen      total 135168K, used 8170K [0x00000000d7000000, 0x00000000dfc00000, 0x0000000100000000)
  eden space 126976K, 0% used [0x00000000d7000000,0x00000000d7000000,0x00000000dec00000)
  from space 8192K, 99% used [0x00000000dec00000,0x00000000df3fabb8,0x00000000df400000)
  to   space 7680K, 0% used [0x00000000df480000,0x00000000df480000,0x00000000dfc00000)
 ParOldGen       total 43008K, used 9257K [0x0000000085000000, 0x0000000087a00000, 0x00000000d7000000)
  object space 43008K, 21% used [0x0000000085000000,0x000000008590a468,0x0000000087a00000)
 Metaspace       used 29857K, capacity 31132K, committed 31356K, reserved 1077248K
  class space    used 3856K, capacity 4115K, committed 4220K, reserved 1048576K

Card table byte_map: [0x00007f982daa4000,0x00007f982de7d000] byte_map_base: 0x00007f982d67c000

Marking Bits: (ParMarkBitMap*) 0x00007f9830645d40
 Begin Bits: [0x00007f9815280000, 0x00007f9817140000)
 End Bits:   [0x00007f9817140000, 0x00007f9819000000)

Polling page: 0x00007f98312b5000

CodeCache: size=245760Kb used=10440Kb max_used=10440Kb free=235319Kb
 bounds [0x00007f9819000000, 0x00007f9819a40000, 0x00007f9828000000]
 total_blobs=3253 nmethods=2843 adapters=323
 compilation: enabled

Compilation events (10 events):
Event: 2,182 Thread 0x00007f9828185000 nmethod 2839 0x00007f9819a35a10 code [0x00007f9819a35b80, 0x00007f9819a35eb8]
Event: 2,182 Thread 0x00007f9828185000 2846       4       org.springframework.asm.Frame::merge (621 bytes)
Event: 2,182 Thread 0x00007f9828187000 nmethod 2838 0x00007f9819a33050 code [0x00007f9819a331e0, 0x00007f9819a335b8]
Event: 2,182 Thread 0x00007f9828182800 2844       4       org.springframework.asm.Frame::putAbstractType (379 bytes)
Event: 2,182 Thread 0x00007f9828187000 2840       3       java.util.DualPivotQuicksort::sort (614 bytes)
Event: 2,183 Thread 0x00007f9828187000 nmethod 2840 0x00007f9819a36150 code [0x00007f9819a36400, 0x00007f9819a37878]
Event: 2,183 Thread 0x00007f9828187000 2847       3       org.springframework.asm.MethodVisitor::visitIntInsn (17 bytes)
Event: 2,183 Thread 0x00007f9828187000 nmethod 2847 0x00007f9819a29ed0 code [0x00007f9819a2a040, 0x00007f9819a2a2a8]
Event: 2,185 Thread 0x00007f9828187000 2848       3       org.springframework.cglib.core.CodeEmitter::invoke_static (10 bytes)
Event: 2,185 Thread 0x00007f9828187000 nmethod 2848 0x00007f9819a32c90 code [0x00007f9819a32e00, 0x00007f9819a32fa8]

GC Heap History (10 events):
Event: 0,885 GC heap after
Heap after GC invocations=3 (full 0):
 PSYoungGen      total 36864K, used 5107K [0x00000000d7000000, 0x00000000db800000, 0x0000000100000000)
  eden space 31744K, 0% used [0x00000000d7000000,0x00000000d7000000,0x00000000d8f00000)
  from space 5120K, 99% used [0x00000000d8f00000,0x00000000d93fce70,0x00000000d9400000)
  to   space 5120K, 0% used [0x00000000db300000,0x00000000db300000,0x00000000db800000)
 ParOldGen       total 84992K, used 1496K [0x0000000085000000, 0x000000008a300000, 0x00000000d7000000)
  object space 84992K, 1% used [0x0000000085000000,0x0000000085176110,0x000000008a300000)
 Metaspace       used 16674K, capacity 17134K, committed 17536K, reserved 1064960K
  class space    used 2194K, capacity 2312K, committed 2432K, reserved 1048576K
}
Event: 1,059 GC heap before
{Heap before GC invocations=4 (full 0):
 PSYoungGen      total 36864K, used 36851K [0x00000000d7000000, 0x00000000db800000, 0x0000000100000000)
  eden space 31744K, 100% used [0x00000000d7000000,0x00000000d8f00000,0x00000000d8f00000)
  from space 5120K, 99% used [0x00000000d8f00000,0x00000000d93fce70,0x00000000d9400000)
  to   space 5120K, 0% used [0x00000000db300000,0x00000000db300000,0x00000000db800000)
 ParOldGen       total 84992K, used 1496K [0x0000000085000000, 0x000000008a300000, 0x00000000d7000000)
  object space 84992K, 1% used [0x0000000085000000,0x0000000085176110,0x000000008a300000)
 Metaspace       used 20644K, capacity 21204K, committed 21248K, reserved 1067008K
  class space    used 2655K, capacity 2805K, committed 2816K, reserved 1048576K
Event: 1,065 GC heap after
Heap after GC invocations=4 (full 0):
 PSYoungGen      total 68608K, used 5100K [0x00000000d7000000, 0x00000000db800000, 0x0000000100000000)
  eden space 63488K, 0% used [0x00000000d7000000,0x00000000d7000000,0x00000000dae00000)
  from space 5120K, 99% used [0x00000000db300000,0x00000000db7fb380,0x00000000db800000)
  to   space 5120K, 0% used [0x00000000dae00000,0x00000000dae00000,0x00000000db300000)
 ParOldGen       total 84992K, used 4597K [0x0000000085000000, 0x000000008a300000, 0x00000000d7000000)
  object space 84992K, 5% used [0x0000000085000000,0x000000008547d590,0x000000008a300000)
 Metaspace       used 20644K, capacity 21204K, committed 21248K, reserved 1067008K
  class space    used 2655K, capacity 2805K, committed 2816K, reserved 1048576K
}
Event: 1,067 GC heap before
{Heap before GC invocations=5 (full 0):
 PSYoungGen      total 68608K, used 6436K [0x00000000d7000000, 0x00000000db800000, 0x0000000100000000)
  eden space 63488K, 2% used [0x00000000d7000000,0x00000000d714dfc8,0x00000000dae00000)
  from space 5120K, 99% used [0x00000000db300000,0x00000000db7fb380,0x00000000db800000)
  to   space 5120K, 0% used [0x00000000dae00000,0x00000000dae00000,0x00000000db300000)
 ParOldGen       total 84992K, used 4597K [0x0000000085000000, 0x000000008a300000, 0x00000000d7000000)
  object space 84992K, 5% used [0x0000000085000000,0x000000008547d590,0x000000008a300000)
 Metaspace       used 20668K, capacity 21268K, committed 21504K, reserved 1069056K
  class space    used 2657K, capacity 2805K, committed 2816K, reserved 1048576K
Event: 1,072 GC heap after
Heap after GC invocations=5 (full 0):
 PSYoungGen      total 68608K, used 4864K [0x00000000d7000000, 0x00000000dfd00000, 0x0000000100000000)
  eden space 63488K, 0% used [0x00000000d7000000,0x00000000d7000000,0x00000000dae00000)
  from space 5120K, 95% used [0x00000000dae00000,0x00000000db2c0020,0x00000000db300000)
  to   space 8704K, 0% used [0x00000000df480000,0x00000000df480000,0x00000000dfd00000)
 ParOldGen       total 84992K, used 4605K [0x0000000085000000, 0x000000008a300000, 0x00000000d7000000)
  object space 84992K, 5% used [0x0000000085000000,0x000000008547f590,0x000000008a300000)
 Metaspace       used 20668K, capacity 21268K, committed 21504K, reserved 1069056K
  class space    used 2657K, capacity 2805K, committed 2816K, reserved 1048576K
}
Event: 1,081 GC heap before
{Heap before GC invocations=6 (full 0):
 PSYoungGen      total 68608K, used 8925K [0x00000000d7000000, 0x00000000dfd00000, 0x0000000100000000)
  eden space 63488K, 6% used [0x00000000d7000000,0x00000000d73f7660,0x00000000dae00000)
  from space 5120K, 95% used [0x00000000dae00000,0x00000000db2c0020,0x00000000db300000)
  to   space 8704K, 0% used [0x00000000df480000,0x00000000df480000,0x00000000dfd00000)
 ParOldGen       total 84992K, used 4605K [0x0000000085000000, 0x000000008a300000, 0x00000000d7000000)
  object space 84992K, 5% used [0x0000000085000000,0x000000008547f590,0x000000008a300000)
 Metaspace       used 20968K, capacity 21498K, committed 21628K, reserved 1069056K
  class space    used 2701K, capacity 2838K, committed 2940K, reserved 1048576K
Event: 1,086 GC heap after
Heap after GC invocations=6 (full 0):
 PSYoungGen      total 134656K, used 5247K [0x00000000d7000000, 0x00000000dfc00000, 0x0000000100000000)
  eden space 126976K, 0% used [0x00000000d7000000,0x00000000d7000000,0x00000000dec00000)
  from space 7680K, 68% used [0x00000000df480000,0x00000000df99fe78,0x00000000dfc00000)
  to   space 8192K, 0% used [0x00000000dec00000,0x00000000dec00000,0x00000000df400000)
 ParOldGen       total 84992K, used 4613K [0x0000000085000000, 0x000000008a300000, 0x00000000d7000000)
  object space 84992K, 5% used [0x0000000085000000,0x0000000085481590,0x000000008a300000)
 Metaspace       used 20968K, capacity 21498K, committed 21628K, reserved 1069056K
  class space    used 2701K, capacity 2838K, committed 2940K, reserved 1048576K
}
Event: 1,086 GC heap before
{Heap before GC invocations=7 (full 1):
 PSYoungGen      total 134656K, used 5247K [0x00000000d7000000, 0x00000000dfc00000, 0x0000000100000000)
  eden space 126976K, 0% used [0x00000000d7000000,0x00000000d7000000,0x00000000dec00000)
  from space 7680K, 68% used [0x00000000df480000,0x00000000df99fe78,0x00000000dfc00000)
  to   space 8192K, 0% used [0x00000000dec00000,0x00000000dec00000,0x00000000df400000)
 ParOldGen       total 84992K, used 4613K [0x0000000085000000, 0x000000008a300000, 0x00000000d7000000)
  object space 84992K, 5% used [0x0000000085000000,0x0000000085481590,0x000000008a300000)
 Metaspace       used 20968K, capacity 21498K, committed 21628K, reserved 1069056K
  class space    used 2701K, capacity 2838K, committed 2940K, reserved 1048576K
Event: 1,103 GC heap after
Heap after GC invocations=7 (full 1):
 PSYoungGen      total 134656K, used 0K [0x00000000d7000000, 0x00000000dfc00000, 0x0000000100000000)
  eden space 126976K, 0% used [0x00000000d7000000,0x00000000d7000000,0x00000000dec00000)
  from space 7680K, 0% used [0x00000000df480000,0x00000000df480000,0x00000000dfc00000)
  to   space 8192K, 0% used [0x00000000dec00000,0x00000000dec00000,0x00000000df400000)
 ParOldGen       total 43008K, used 5583K [0x0000000085000000, 0x0000000087a00000, 0x00000000d7000000)
  object space 43008K, 12% used [0x0000000085000000,0x0000000085573db8,0x0000000087a00000)
 Metaspace       used 20968K, capacity 21498K, committed 21628K, reserved 1069056K
  class space    used 2701K, capacity 2838K, committed 2940K, reserved 1048576K
}
Event: 2,198 GC heap before
{Heap before GC invocations=8 (full 1):
 PSYoungGen      total 134656K, used 126976K [0x00000000d7000000, 0x00000000dfc00000, 0x0000000100000000)
  eden space 126976K, 100% used [0x00000000d7000000,0x00000000dec00000,0x00000000dec00000)
  from space 7680K, 0% used [0x00000000df480000,0x00000000df480000,0x00000000dfc00000)
  to   space 8192K, 0% used [0x00000000dec00000,0x00000000dec00000,0x00000000df400000)
 ParOldGen       total 43008K, used 5583K [0x0000000085000000, 0x0000000087a00000, 0x00000000d7000000)
  object space 43008K, 12% used [0x0000000085000000,0x0000000085573db8,0x0000000087a00000)
 Metaspace       used 29857K, capacity 31132K, committed 31356K, reserved 1077248K
  class space    used 3856K, capacity 4115K, committed 4220K, reserved 1048576K

Deoptimization events (10 events):
Event: 1,217 Thread 0x00007f98288bc800 Uncommon trap: reason=unstable_if action=reinterpret pc=0x00007f981948df84 method=java.util.Properties$LineReader.readLine()I @ 252
Event: 1,217 Thread 0x00007f98288bc800 Uncommon trap: reason=unstable_if action=reinterpret pc=0x00007f98192c7a90 method=java.util.Properties$LineReader.readLine()I @ 252
Event: 1,254 Thread 0x00007f982800b800 Uncommon trap: reason=unstable_if action=reinterpret pc=0x00007f98193c3e10 method=org.springframework.boot.context.properties.source.ConfigurationPropertyName$ElementsParser.updateType(Lorg/springframework/boot/context/properties/source/ConfigurationPrope
Event: 1,344 Thread 0x00007f98288bc800 Uncommon trap: reason=unstable_if action=reinterpret pc=0x00007f9819658b2c method=com.sun.org.apache.xerces.internal.impl.XMLEntityScanner.scanLiteral(ILcom/sun/org/apache/xerces/internal/xni/XMLString;Z)I @ 570
Event: 1,371 Thread 0x00007f98288bc800 Uncommon trap: reason=unstable_if action=reinterpret pc=0x00007f9819673480 method=com.sun.org.apache.xerces.internal.impl.XMLEntityScanner.skipSpaces()Z @ 125
Event: 1,384 Thread 0x00007f98288bc800 Uncommon trap: reason=unstable_if action=reinterpret pc=0x00007f981968c760 method=com.sun.org.apache.xerces.internal.util.SymbolTable.addSymbol([CII)Ljava/lang/String; @ 38
Event: 1,395 Thread 0x00007f98288bc800 Uncommon trap: reason=unstable_if action=reinterpret pc=0x00007f98196e9ab4 method=com.sun.org.apache.xerces.internal.util.SymbolTable.addSymbol([CII)Ljava/lang/String; @ 38
Event: 1,630 Thread 0x00007f982800b800 Uncommon trap: reason=unstable_if action=reinterpret pc=0x00007f9819498f0c method=java.lang.ThreadLocal$ThreadLocalMap.getEntry(Ljava/lang/ThreadLocal;)Ljava/lang/ThreadLocal$ThreadLocalMap$Entry; @ 29
Event: 1,667 Thread 0x00007f982800b800 Uncommon trap: reason=unstable_if action=reinterpret pc=0x00007f981948d52c method=java.lang.ThreadLocal$ThreadLocalMap.getEntry(Ljava/lang/ThreadLocal;)Ljava/lang/ThreadLocal$ThreadLocalMap$Entry; @ 29
Event: 2,169 Thread 0x00007f982800b800 Uncommon trap: reason=unstable_if action=reinterpret pc=0x00007f981997a460 method=java.lang.reflect.Method.equals(Ljava/lang/Object;)Z @ 1

Classes redefined (0 events):
No events

Internal exceptions (10 events):
Event: 2,168 Thread 0x00007f982800b800 Implicit null exception at 0x00007f981997a2cc to 0x00007f981997a44d
Event: 2,173 Thread 0x00007f982800b800 Exception <a 'java/lang/ClassNotFoundException': java/lang/ObjectCustomizer> (0x00000000de8aab48) thrown at [/HUDSON/workspace/8-2-build-linux-amd64/jdk8u191/11894/hotspot/src/share/vm/classfile/systemDictionary.cpp, line 210]
Event: 2,173 Thread 0x00007f982800b800 Exception <a 'java/lang/ClassNotFoundException': org/springframework/boot/autoconfigure/web/servlet/WebMvcAutoConfiguration$WebMvcAutoConfigurationAdapterCustomizer> (0x00000000de8ce660) thrown at [/HUDSON/workspace/8-2-build-linux-amd64/jdk8u191/11894/ho
Event: 2,173 Thread 0x00007f982800b800 Exception <a 'java/lang/ClassNotFoundException': org/springframework/boot/autoconfigure/web/servlet/WebMvcAutoConfiguration$WebMvcAutoConfigurationAdapter$$EnhancerBySpringCGLIB$$f89c4114Customizer> (0x00000000de901900) thrown at [/HUDSON/workspace/8-2-bu
Event: 2,174 Thread 0x00007f982800b800 Exception <a 'java/lang/ClassNotFoundException': org/springframework/context/annotation/ConfigurationClassEnhancer$EnhancedConfigurationCustomizer> (0x00000000de92e858) thrown at [/HUDSON/workspace/8-2-build-linux-amd64/jdk8u191/11894/hotspot/src/share/vm
Event: 2,174 Thread 0x00007f982800b800 Exception <a 'java/lang/ClassNotFoundException': org/springframework/beans/factory/BeanFactoryAwareCustomizer> (0x00000000de943540) thrown at [/HUDSON/workspace/8-2-build-linux-amd64/jdk8u191/11894/hotspot/src/share/vm/classfile/systemDictionary.cpp, line
Event: 2,174 Thread 0x00007f982800b800 Exception <a 'java/lang/ClassNotFoundException': org/springframework/beans/factory/AwareCustomizer> (0x00000000de957078) thrown at [/HUDSON/workspace/8-2-build-linux-amd64/jdk8u191/11894/hotspot/src/share/vm/classfile/systemDictionary.cpp, line 210]
Event: 2,174 Thread 0x00007f982800b800 Exception <a 'java/lang/ClassNotFoundException': org/springframework/web/servlet/config/annotation/WebMvcConfigurerCustomizer> (0x00000000de96f7f0) thrown at [/HUDSON/workspace/8-2-build-linux-amd64/jdk8u191/11894/hotspot/src/share/vm/classfile/systemDict
Event: 2,176 Thread 0x00007f982800b800 Exception <a 'java/lang/ClassNotFoundException': org/springframework/context/ResourceLoaderAwareCustomizer> (0x00000000de9a9b90) thrown at [/HUDSON/workspace/8-2-build-linux-amd64/jdk8u191/11894/hotspot/src/share/vm/classfile/systemDictionary.cpp, line 21
Event: 2,176 Thread 0x00007f982800b800 Exception <a 'java/lang/ClassNotFoundException': org/springframework/beans/factory/AwareCustomizer> (0x00000000de9bd0a8) thrown at [/HUDSON/workspace/8-2-build-linux-amd64/jdk8u191/11894/hotspot/src/share/vm/classfile/systemDictionary.cpp, line 210]

Events (10 events):
Event: 2,191 loading class org/springframework/util/ConcurrencyThrottleSupport done
Event: 2,191 loading class org/springframework/web/context/request/async/DeferredResultProcessingInterceptor
Event: 2,191 loading class org/springframework/web/context/request/async/DeferredResultProcessingInterceptor done
Event: 2,192 loading class org/springframework/core/ReactiveAdapterRegistry
Event: 2,192 loading class org/springframework/core/ReactiveAdapterRegistry done
Event: 2,192 loading class reactor/core/publisher/Flux
Event: 2,192 loading class reactor/core/publisher/Flux done
Event: 2,193 loading class reactor/core/publisher$Flux
Event: 2,193 loading class reactor/core/publisher$Flux done
Event: 2,193 Executing VM operation: ParallelGCFailedAllocation


Dynamic libraries:
00400000-00401000 r-xp 00000000 08:12 1185441                            /usr/lib/jvm/java-8-oracle/jre/bin/java
00600000-00601000 r--p 00000000 08:12 1185441                            /usr/lib/jvm/java-8-oracle/jre/bin/java
00601000-00602000 rw-p 00001000 08:12 1185441                            /usr/lib/jvm/java-8-oracle/jre/bin/java
01a12000-01a33000 rw-p 00000000 00:00 0                                  [heap]
85000000-87a00000 rw-p 00000000 00:00 0 
87a00000-d7000000 ---p 00000000 00:00 0 
d7000000-dfc00000 rw-p 00000000 00:00 0 
e7380000-100000000 ---p 00000000 00:00 0 
100000000-10041f000 rw-p 00000000 00:00 0 
10041f000-140000000 ---p 00000000 00:00 0 
7f97c0000000-7f97c0021000 rw-p 00000000 00:00 0 
7f97c0021000-7f97c4000000 ---p 00000000 00:00 0 
7f97c8000000-7f97c8021000 rw-p 00000000 00:00 0 
7f97c8021000-7f97cc000000 ---p 00000000 00:00 0 
7f97cc000000-7f97cc380000 rw-p 00000000 00:00 0 
7f97cc380000-7f97d0000000 ---p 00000000 00:00 0 
7f97d0000000-7f97d0021000 rw-p 00000000 00:00 0 
7f97d0021000-7f97d4000000 ---p 00000000 00:00 0 
7f97d4000000-7f97d4072000 rw-p 00000000 00:00 0 
7f97d4072000-7f97d8000000 ---p 00000000 00:00 0 
7f97d8000000-7f97d8021000 rw-p 00000000 00:00 0 
7f97d8021000-7f97dc000000 ---p 00000000 00:00 0 
7f97dc000000-7f97dc021000 rw-p 00000000 00:00 0 
7f97dc021000-7f97e0000000 ---p 00000000 00:00 0 
7f97e0000000-7f97e172a000 rw-p 00000000 00:00 0 
7f97e172a000-7f97e4000000 ---p 00000000 00:00 0 
7f97e4000000-7f97e4e15000 rw-p 00000000 00:00 0 
7f97e4e15000-7f97e8000000 ---p 00000000 00:00 0 
7f97e8000000-7f97e8021000 rw-p 00000000 00:00 0 
7f97e8021000-7f97ec000000 ---p 00000000 00:00 0 
7f97ec000000-7f97edc41000 rw-p 00000000 00:00 0 
7f97edc41000-7f97f0000000 ---p 00000000 00:00 0 
7f97f0000000-7f97f0021000 rw-p 00000000 00:00 0 
7f97f0021000-7f97f4000000 ---p 00000000 00:00 0 
7f97f4000000-7f97f4021000 rw-p 00000000 00:00 0 
7f97f4021000-7f97f8000000 ---p 00000000 00:00 0 
7f97f8000000-7f97f8021000 rw-p 00000000 00:00 0 
7f97f8021000-7f97fc000000 ---p 00000000 00:00 0 
7f97fc000000-7f97fc29b000 rw-p 00000000 00:00 0 
7f97fc29b000-7f9800000000 ---p 00000000 00:00 0 
7f9800000000-7f9800021000 rw-p 00000000 00:00 0 
7f9800021000-7f9804000000 ---p 00000000 00:00 0 
7f9808000000-7f9808021000 rw-p 00000000 00:00 0 
7f9808021000-7f980c000000 ---p 00000000 00:00 0 
7f980d3e0000-7f980d460000 rw-p 00000000 00:00 0 
7f980d460000-7f980d5e0000 ---p 00000000 00:00 0 
7f980d5e0000-7f980d7e0000 rw-p 00000000 00:00 0 
7f980d7e0000-7f980d9e0000 rw-p 00000000 00:00 0 
7f980d9e0000-7f980dbe0000 rw-p 00000000 00:00 0 
7f980dbe0000-7f980dbe3000 ---p 00000000 00:00 0 
7f980dbe3000-7f980dee1000 rw-p 00000000 00:00 0 
7f980dee1000-7f980e0e1000 rw-p 00000000 00:00 0 
7f980e0e1000-7f980e2e1000 rw-p 00000000 00:00 0 
7f980e2e1000-7f980e377000 r--s 0110e000 08:12 1313469                    /usr/lib/jvm/java-8-oracle/jre/lib/ext/jfxrt.jar
7f980e377000-7f980e577000 rw-p 00000000 00:00 0 
7f980e577000-7f980e57a000 ---p 00000000 00:00 0 
7f980e57a000-7f980e878000 rw-p 00000000 00:00 0 
7f980e878000-7f980e88e000 r-xp 00000000 08:12 1313875                    /usr/lib/jvm/java-8-oracle/jre/lib/amd64/libnet.so
7f980e88e000-7f980ea8d000 ---p 00016000 08:12 1313875                    /usr/lib/jvm/java-8-oracle/jre/lib/amd64/libnet.so
7f980ea8d000-7f980ea8e000 r--p 00015000 08:12 1313875                    /usr/lib/jvm/java-8-oracle/jre/lib/amd64/libnet.so
7f980ea8e000-7f980ea8f000 rw-p 00016000 08:12 1313875                    /usr/lib/jvm/java-8-oracle/jre/lib/amd64/libnet.so
7f980ea8f000-7f980eaa0000 r-xp 00000000 08:12 1313954                    /usr/lib/jvm/java-8-oracle/jre/lib/amd64/libnio.so
7f980eaa0000-7f980ec9f000 ---p 00011000 08:12 1313954                    /usr/lib/jvm/java-8-oracle/jre/lib/amd64/libnio.so
7f980ec9f000-7f980eca0000 r--p 00010000 08:12 1313954                    /usr/lib/jvm/java-8-oracle/jre/lib/amd64/libnio.so
7f980eca0000-7f980eca1000 rw-p 00011000 08:12 1313954                    /usr/lib/jvm/java-8-oracle/jre/lib/amd64/libnio.so
7f980eca1000-7f980eea1000 rw-p 00000000 00:00 0 
7f980eea1000-7f980eea4000 ---p 00000000 00:00 0 
7f980eea4000-7f980eeda000 rw-p 00000000 00:00 0 
7f980eeda000-7f980eedd000 r--s 00012000 08:12 10881183                   /home/batuhanca/.m2/repository/org/apache/maven/surefire/surefire-junit4/2.22.1/surefire-junit4-2.22.1.jar
7f980eedd000-7f980eee1000 r--s 00025000 08:12 10880339                   /home/batuhanca/.m2/repository/org/xmlunit/xmlunit-core/2.6.2/xmlunit-core-2.6.2.jar
7f980eee1000-7f980eeef000 r--s 0008a000 08:12 10880232                   /home/batuhanca/.m2/repository/org/springframework/spring-test/5.1.2.RELEASE/spring-test-5.1.2.RELEASE.jar
7f980eeef000-7f980eef0000 r--s 00005000 08:12 10880230                   /home/batuhanca/.m2/repository/org/springframework/spring-jcl/5.1.2.RELEASE/spring-jcl-5.1.2.RELEASE.jar
7f980eef0000-7f980ef08000 r--s 00123000 08:12 10880228                   /home/batuhanca/.m2/repository/org/springframework/spring-core/5.1.2.RELEASE/spring-core-5.1.2.RELEASE.jar
7f980ef08000-7f980ef09000 r--s 00004000 08:12 10880337                   /home/batuhanca/.m2/repository/com/vaadin/external/google/android-json/0.0.20131108.vaadin1/android-json-0.0.20131108.vaadin1.jar
7f980ef09000-7f980ef0b000 r--s 00006000 08:12 10880335                   /home/batuhanca/.m2/repository/org/skyscreamer/jsonassert/1.5.0/jsonassert-1.5.0.jar
7f980ef0b000-7f980ef0d000 r--s 00009000 08:12 10749578                   /home/batuhanca/.m2/repository/org/hamcrest/hamcrest-core/1.3/hamcrest-core-1.3.jar
7f980ef0d000-7f980ef0f000 r--s 0000c000 08:12 10880331                   /home/batuhanca/.m2/repository/org/objenesis/objenesis/2.6/objenesis-2.6.jar
7f980ef0f000-7f980ef11000 r--s 00009000 08:12 10880329                   /home/batuhanca/.m2/repository/net/bytebuddy/byte-buddy-agent/1.9.3/byte-buddy-agent-1.9.3.jar
7f980ef11000-7f980ef57000 r--s 002d1000 08:12 10880327                   /home/batuhanca/.m2/repository/net/bytebuddy/byte-buddy/1.9.3/byte-buddy-1.9.3.jar
7f980ef57000-7f980ef67000 r--s 0007a000 08:12 10880325                   /home/batuhanca/.m2/repository/org/mockito/mockito-core/2.23.0/mockito-core-2.23.0.jar
7f980ef67000-7f980efc2000 r--s 0038b000 08:12 10880323                   /home/batuhanca/.m2/repository/org/assertj/assertj-core/3.11.1/assertj-core-3.11.1.jar
7f980efc2000-7f980efc5000 ---p 00000000 00:00 0 
7f980efc5000-7f980f0c3000 rw-p 00000000 00:00 0 
7f980f0c3000-7f980f0cb000 r-xp 00000000 08:12 1313959                    /usr/lib/jvm/java-8-oracle/jre/lib/amd64/libmanagement.so
7f980f0cb000-7f980f2cb000 ---p 00008000 08:12 1313959                    /usr/lib/jvm/java-8-oracle/jre/lib/amd64/libmanagement.so
7f980f2cb000-7f980f2cc000 r--p 00008000 08:12 1313959                    /usr/lib/jvm/java-8-oracle/jre/lib/amd64/libmanagement.so
7f980f2cc000-7f980f2cd000 rw-p 00009000 08:12 1313959                    /usr/lib/jvm/java-8-oracle/jre/lib/amd64/libmanagement.so
7f980f2cd000-7f980f2d0000 ---p 00000000 00:00 0 
7f980f2d0000-7f980f3ce000 rw-p 00000000 00:00 0 
7f980f3ce000-7f980f3cf000 ---p 00000000 00:00 0 
7f980f3cf000-7f980f4cf000 rw-p 00000000 00:00 0 
7f980f4cf000-7f9810000000 r--p 00000000 08:12 14424698                   /usr/lib/locale/locale-archive
7f9810000000-7f9810021000 rw-p 00000000 00:00 0 
7f9810021000-7f9814000000 ---p 00000000 00:00 0 
7f9814000000-7f9814008000 r--s 00045000 08:12 10749576                   /home/batuhanca/.m2/repository/junit/junit/4.12/junit-4.12.jar
7f9814008000-7f981400a000 r--s 00009000 08:12 10880299                   /home/batuhanca/.m2/repository/org/slf4j/slf4j-api/1.7.25/slf4j-api-1.7.25.jar
7f981400a000-7f981400c000 r--s 0000c000 08:12 10880321                   /home/batuhanca/.m2/repository/org/ow2/asm/asm/5.0.4/asm-5.0.4.jar
7f981400c000-7f981400e000 r--s 00006000 08:12 10880319                   /home/batuhanca/.m2/repository/net/minidev/accessors-smart/1.2/accessors-smart-1.2.jar
7f981400e000-7f9814011000 r--s 0001b000 08:12 10880317                   /home/batuhanca/.m2/repository/net/minidev/json-smart/2.3/json-smart-2.3.jar
7f9814011000-7f9814017000 r--s 00031000 08:12 10880315                   /home/batuhanca/.m2/repository/com/jayway/jsonpath/json-path/2.4.0/json-path-2.4.0.jar
7f9814017000-7f981401e000 r--s 00024000 08:12 10880226                   /home/batuhanca/.m2/repository/org/springframework/boot/spring-boot-test-autoconfigure/2.1.0.RELEASE/spring-boot-test-autoconfigure-2.1.0.RELEASE.jar
7f981401e000-7f9814023000 r--s 0002c000 08:12 10880224                   /home/batuhanca/.m2/repository/org/springframework/boot/spring-boot-test/2.1.0.RELEASE/spring-boot-test-2.1.0.RELEASE.jar
7f9814023000-7f9814028000 r--s 00040000 08:12 10880210                   /home/batuhanca/.m2/repository/org/springframework/spring-expression/5.1.2.RELEASE/spring-expression-5.1.2.RELEASE.jar
7f9814028000-7f9814042000 r--s 000f3000 08:12 10880208                   /home/batuhanca/.m2/repository/org/springframework/spring-context/5.1.2.RELEASE/spring-context-5.1.2.RELEASE.jar
7f9814042000-7f9814052000 r--s 000b4000 08:12 10880957                   /home/batuhanca/.m2/repository/org/springframework/spring-webmvc/5.1.2.RELEASE/spring-webmvc-5.1.2.RELEASE.jar
7f9814052000-7f981406e000 r--s 00134000 08:12 10880955                   /home/batuhanca/.m2/repository/org/springframework/spring-web/5.1.2.RELEASE/spring-web-5.1.2.RELEASE.jar
7f981406e000-7f9814071000 ---p 00000000 00:00 0 
7f9814071000-7f981416f000 rw-p 00000000 00:00 0 
7f981416f000-7f9814170000 ---p 00000000 00:00 0 
7f9814170000-7f9814173000 ---p 00000000 00:00 0 
7f9814173000-7f9814270000 rw-p 00000000 00:00 0 
7f9814270000-7f9814271000 ---p 00000000 00:00 0 
7f9814271000-7f9814274000 ---p 00000000 00:00 0 
7f9814274000-7f9814371000 rw-p 00000000 00:00 0 
7f9814371000-7f9814372000 ---p 00000000 00:00 0 
7f9814372000-7f9814375000 ---p 00000000 00:00 0 
7f9814375000-7f9814472000 rw-p 00000000 00:00 0 
7f9814472000-7f9814475000 ---p 00000000 00:00 0 
7f9814475000-7f9814573000 rw-p 00000000 00:00 0 
7f9814573000-7f9814576000 ---p 00000000 00:00 0 
7f9814576000-7f9814674000 rw-p 00000000 00:00 0 
7f9814674000-7f9814677000 ---p 00000000 00:00 0 
7f9814677000-7f9814775000 rw-p 00000000 00:00 0 
7f9814775000-7f9814776000 ---p 00000000 00:00 0 
7f9814776000-7f9819000000 rw-p 00000000 00:00 0 
7f9819000000-7f9819a40000 rwxp 00000000 00:00 0 
7f9819a40000-7f9828000000 ---p 00000000 00:00 0 
7f9828000000-7f9828e75000 rw-p 00000000 00:00 0 
7f9828e75000-7f982c000000 ---p 00000000 00:00 0 
7f982c000000-7f982c001000 r--s 0000c000 08:12 10880333                   /home/batuhanca/.m2/repository/org/hamcrest/hamcrest-library/1.3/hamcrest-library-1.3.jar
7f982c001000-7f982c002000 r--s 00000000 08:12 10880216                   /home/batuhanca/.m2/repository/org/springframework/boot/spring-boot-starter-test/2.1.0.RELEASE/spring-boot-starter-test-2.1.0.RELEASE.jar
7f982c002000-7f982c00c000 r--s 00051000 08:12 10880206                   /home/batuhanca/.m2/repository/org/springframework/spring-aop/5.1.2.RELEASE/spring-aop-5.1.2.RELEASE.jar
7f982c00c000-7f982c018000 r--s 00098000 08:12 10880204                   /home/batuhanca/.m2/repository/org/springframework/spring-beans/5.1.2.RELEASE/spring-beans-5.1.2.RELEASE.jar
7f982c018000-7f982c01a000 r--s 0000f000 08:12 10880987                   /home/batuhanca/.m2/repository/com/fasterxml/classmate/1.4.0/classmate-1.4.0.jar
7f982c01a000-7f982c01c000 r--s 0000f000 08:12 10880985                   /home/batuhanca/.m2/repository/org/jboss/logging/jboss-logging/3.3.2.Final/jboss-logging-3.3.2.Final.jar
7f982c01c000-7f982c021000 r--s 00012000 08:12 10880983                   /home/batuhanca/.m2/repository/javax/validation/validation-api/2.0.1.Final/validation-api-2.0.1.Final.jar
7f982c021000-7f982c03e000 r--s 000fe000 08:12 10880981                   /home/batuhanca/.m2/repository/org/hibernate/validator/hibernate-validator/6.0.13.Final/hibernate-validator-6.0.13.Final.jar
7f982c03e000-7f982c044000 r--s 0003b000 08:12 10880979                   /home/batuhanca/.m2/repository/org/apache/tomcat/embed/tomcat-embed-websocket/9.0.12/tomcat-embed-websocket-9.0.12.jar
7f982c044000-7f982c049000 r--s 00039000 08:12 10880977                   /home/batuhanca/.m2/repository/org/apache/tomcat/embed/tomcat-embed-el/9.0.12/tomcat-embed-el-9.0.12.jar
7f982c049000-7f982c073000 r--s 002e4000 08:12 10880975                   /home/batuhanca/.m2/repository/org/apache/tomcat/embed/tomcat-embed-core/9.0.12/tomcat-embed-core-9.0.12.jar
7f982c073000-7f982c074000 r--s 00000000 08:12 10880953                   /home/batuhanca/.m2/repository/org/springframework/boot/spring-boot-starter-tomcat/2.1.0.RELEASE/spring-boot-starter-tomcat-2.1.0.RELEASE.jar
7f982c074000-7f982c076000 r--s 00001000 08:12 10880973                   /home/batuhanca/.m2/repository/com/fasterxml/jackson/module/jackson-module-parameter-names/2.9.7/jackson-module-parameter-names-2.9.7.jar
7f982c076000-7f982c079000 r--s 00016000 08:12 10880971                   /home/batuhanca/.m2/repository/com/fasterxml/jackson/datatype/jackson-datatype-jsr310/2.9.7/jackson-datatype-jsr310-2.9.7.jar
7f982c079000-7f982c07b000 r--s 00007000 08:12 10880969                   /home/batuhanca/.m2/repository/com/fasterxml/jackson/datatype/jackson-datatype-jdk8/2.9.7/jackson-datatype-jdk8-2.9.7.jar
7f982c07b000-7f982c07f000 r--s 0004c000 08:12 10880283                   /home/batuhanca/.m2/repository/com/fasterxml/jackson/core/jackson-core/2.9.7/jackson-core-2.9.7.jar
7f982c07f000-7f982c082000 r--s 0000e000 08:12 10880281                   /home/batuhanca/.m2/repository/com/fasterxml/jackson/core/jackson-annotations/2.9.0/jackson-annotations-2.9.0.jar
7f982c082000-7f982c095000 r--s 00137000 08:12 10880279                   /home/batuhanca/.m2/repository/com/fasterxml/jackson/core/jackson-databind/2.9.7/jackson-databind-2.9.7.jar
7f982c095000-7f982c096000 r--s 00000000 08:12 10880951                   /home/batuhanca/.m2/repository/org/springframework/boot/spring-boot-starter-json/2.1.0.RELEASE/spring-boot-starter-json-2.1.0.RELEASE.jar
7f982c096000-7f982c09d000 r--s 00043000 08:12 10880313                   /home/batuhanca/.m2/repository/org/yaml/snakeyaml/1.23/snakeyaml-1.23.jar
7f982c09d000-7f982c09f000 r--s 00005000 08:12 10880311                   /home/batuhanca/.m2/repository/javax/annotation/javax.annotation-api/1.3.2/javax.annotation-api-1.3.2.jar
7f982c09f000-7f982c0a1000 r--s 00000000 08:12 10880309                   /home/batuhanca/.m2/repository/org/slf4j/jul-to-slf4j/1.7.25/jul-to-slf4j-1.7.25.jar
7f982c0a1000-7f982c0a7000 r--s 0003b000 08:12 10880307                   /home/batuhanca/.m2/repository/org/apache/logging/log4j/log4j-api/2.11.1/log4j-api-2.11.1.jar
7f982c0a7000-7f982c0a9000 r--s 00003000 08:12 10880305                   /home/batuhanca/.m2/repository/org/apache/logging/log4j/log4j-to-slf4j/2.11.1/log4j-to-slf4j-2.11.1.jar
7f982c0a9000-7f982c0cd000 r--s 00111000 08:12 10880214                   /home/batuhanca/.m2/repository/org/springframework/boot/spring-boot-autoconfigure/2.1.0.RELEASE/spring-boot-autoconfigure-2.1.0.RELEASE.jar
7f982c0cd000-7f982c0e3000 r--s 000d4000 08:12 10880220                   /home/batuhanca/.m2/repository/org/springframework/boot/spring-boot/2.1.0.RELEASE/spring-boot-2.1.0.RELEASE.jar
7f982c0e3000-7f982c5e8000 rw-p 00000000 00:00 0 
7f982c5e8000-7f982c7c2000 r--s 03d6c000 08:12 1185471                    /usr/lib/jvm/java-8-oracle/jre/lib/rt.jar
7f982c7c2000-7f982d410000 rw-p 00000000 00:00 0 
7f982d410000-7f982d411000 ---p 00000000 00:00 0 
7f982d411000-7f982d511000 rw-p 00000000 00:00 0 
7f982d511000-7f982d512000 ---p 00000000 00:00 0 
7f982d512000-7f982d612000 rw-p 00000000 00:00 0 
7f982d612000-7f982d613000 ---p 00000000 00:00 0 
7f982d613000-7f982d713000 rw-p 00000000 00:00 0 
7f982d713000-7f982d714000 ---p 00000000 00:00 0 
7f982d714000-7f982d829000 rw-p 00000000 00:00 0 
7f982d829000-7f982daa4000 ---p 00000000 00:00 0 
7f982daa4000-7f982dab9000 rw-p 00000000 00:00 0 
7f982dab9000-7f982dd34000 ---p 00000000 00:00 0 
7f982dd34000-7f982dd7a000 rw-p 00000000 00:00 0 
7f982dd7a000-7f982de7c000 ---p 00000000 00:00 0 
7f982de7c000-7f982dea6000 rw-p 00000000 00:00 0 
7f982dea6000-7f982e23d000 ---p 00000000 00:00 0 
7f982e23d000-7f982e257000 r-xp 00000000 08:12 1313871                    /usr/lib/jvm/java-8-oracle/jre/lib/amd64/libzip.so
7f982e257000-7f982e457000 ---p 0001a000 08:12 1313871                    /usr/lib/jvm/java-8-oracle/jre/lib/amd64/libzip.so
7f982e457000-7f982e458000 r--p 0001a000 08:12 1313871                    /usr/lib/jvm/java-8-oracle/jre/lib/amd64/libzip.so
7f982e458000-7f982e459000 rw-p 0001b000 08:12 1313871                    /usr/lib/jvm/java-8-oracle/jre/lib/amd64/libzip.so
7f982e459000-7f982e464000 r-xp 00000000 08:12 3543736                    /lib/x86_64-linux-gnu/libnss_files-2.27.so
7f982e464000-7f982e663000 ---p 0000b000 08:12 3543736                    /lib/x86_64-linux-gnu/libnss_files-2.27.so
7f982e663000-7f982e664000 r--p 0000a000 08:12 3543736                    /lib/x86_64-linux-gnu/libnss_files-2.27.so
7f982e664000-7f982e665000 rw-p 0000b000 08:12 3543736                    /lib/x86_64-linux-gnu/libnss_files-2.27.so
7f982e665000-7f982e66b000 rw-p 00000000 00:00 0 
7f982e66b000-7f982e682000 r-xp 00000000 08:12 3543730                    /lib/x86_64-linux-gnu/libnsl-2.27.so
7f982e682000-7f982e881000 ---p 00017000 08:12 3543730                    /lib/x86_64-linux-gnu/libnsl-2.27.so
7f982e881000-7f982e882000 r--p 00016000 08:12 3543730                    /lib/x86_64-linux-gnu/libnsl-2.27.so
7f982e882000-7f982e883000 rw-p 00017000 08:12 3543730                    /lib/x86_64-linux-gnu/libnsl-2.27.so
7f982e883000-7f982e885000 rw-p 00000000 00:00 0 
7f982e885000-7f982e890000 r-xp 00000000 08:12 3543747                    /lib/x86_64-linux-gnu/libnss_nis-2.27.so
7f982e890000-7f982ea8f000 ---p 0000b000 08:12 3543747                    /lib/x86_64-linux-gnu/libnss_nis-2.27.so
7f982ea8f000-7f982ea90000 r--p 0000a000 08:12 3543747                    /lib/x86_64-linux-gnu/libnss_nis-2.27.so
7f982ea90000-7f982ea91000 rw-p 0000b000 08:12 3543747                    /lib/x86_64-linux-gnu/libnss_nis-2.27.so
7f982ea91000-7f982ea99000 r-xp 00000000 08:12 3543732                    /lib/x86_64-linux-gnu/libnss_compat-2.27.so
7f982ea99000-7f982ec99000 ---p 00008000 08:12 3543732                    /lib/x86_64-linux-gnu/libnss_compat-2.27.so
7f982ec99000-7f982ec9a000 r--p 00008000 08:12 3543732                    /lib/x86_64-linux-gnu/libnss_compat-2.27.so
7f982ec9a000-7f982ec9b000 rw-p 00009000 08:12 3543732                    /lib/x86_64-linux-gnu/libnss_compat-2.27.so
7f982ec9b000-7f982ecc8000 r-xp 00000000 08:12 1313865                    /usr/lib/jvm/java-8-oracle/jre/lib/amd64/libjava.so
7f982ecc8000-7f982eec7000 ---p 0002d000 08:12 1313865                    /usr/lib/jvm/java-8-oracle/jre/lib/amd64/libjava.so
7f982eec7000-7f982eec8000 r--p 0002c000 08:12 1313865                    /usr/lib/jvm/java-8-oracle/jre/lib/amd64/libjava.so
7f982eec8000-7f982eeca000 rw-p 0002d000 08:12 1313865                    /usr/lib/jvm/java-8-oracle/jre/lib/amd64/libjava.so
7f982eeca000-7f982eed7000 r-xp 00000000 08:12 1313870                    /usr/lib/jvm/java-8-oracle/jre/lib/amd64/libverify.so
7f982eed7000-7f982f0d6000 ---p 0000d000 08:12 1313870                    /usr/lib/jvm/java-8-oracle/jre/lib/amd64/libverify.so
7f982f0d6000-7f982f0d8000 r--p 0000c000 08:12 1313870                    /usr/lib/jvm/java-8-oracle/jre/lib/amd64/libverify.so
7f982f0d8000-7f982f0d9000 rw-p 0000e000 08:12 1313870                    /usr/lib/jvm/java-8-oracle/jre/lib/amd64/libverify.so
7f982f0d9000-7f982f0e0000 r-xp 00000000 08:12 3543787                    /lib/x86_64-linux-gnu/librt-2.27.so
7f982f0e0000-7f982f2df000 ---p 00007000 08:12 3543787                    /lib/x86_64-linux-gnu/librt-2.27.so
7f982f2df000-7f982f2e0000 r--p 00006000 08:12 3543787                    /lib/x86_64-linux-gnu/librt-2.27.so
7f982f2e0000-7f982f2e1000 rw-p 00007000 08:12 3543787                    /lib/x86_64-linux-gnu/librt-2.27.so
7f982f2e1000-7f982f47e000 r-xp 00000000 08:12 3543709                    /lib/x86_64-linux-gnu/libm-2.27.so
7f982f47e000-7f982f67d000 ---p 0019d000 08:12 3543709                    /lib/x86_64-linux-gnu/libm-2.27.so
7f982f67d000-7f982f67e000 r--p 0019c000 08:12 3543709                    /lib/x86_64-linux-gnu/libm-2.27.so
7f982f67e000-7f982f67f000 rw-p 0019d000 08:12 3543709                    /lib/x86_64-linux-gnu/libm-2.27.so
7f982f67f000-7f9830361000 r-xp 00000000 08:12 1313847                    /usr/lib/jvm/java-8-oracle/jre/lib/amd64/server/libjvm.so
7f9830361000-7f9830561000 ---p 00ce2000 08:12 1313847                    /usr/lib/jvm/java-8-oracle/jre/lib/amd64/server/libjvm.so
7f9830561000-7f98305f7000 r--p 00ce2000 08:12 1313847                    /usr/lib/jvm/java-8-oracle/jre/lib/amd64/server/libjvm.so
7f98305f7000-7f9830628000 rw-p 00d78000 08:12 1313847                    /usr/lib/jvm/java-8-oracle/jre/lib/amd64/server/libjvm.so
7f9830628000-7f9830663000 rw-p 00000000 00:00 0 
7f9830663000-7f983084a000 r-xp 00000000 08:12 3543646                    /lib/x86_64-linux-gnu/libc-2.27.so
7f983084a000-7f9830a4a000 ---p 001e7000 08:12 3543646                    /lib/x86_64-linux-gnu/libc-2.27.so
7f9830a4a000-7f9830a4e000 r--p 001e7000 08:12 3543646                    /lib/x86_64-linux-gnu/libc-2.27.so
7f9830a4e000-7f9830a50000 rw-p 001eb000 08:12 3543646                    /lib/x86_64-linux-gnu/libc-2.27.so
7f9830a50000-7f9830a54000 rw-p 00000000 00:00 0 
7f9830a54000-7f9830a57000 r-xp 00000000 08:12 3543669                    /lib/x86_64-linux-gnu/libdl-2.27.so
7f9830a57000-7f9830c56000 ---p 00003000 08:12 3543669                    /lib/x86_64-linux-gnu/libdl-2.27.so
7f9830c56000-7f9830c57000 r--p 00002000 08:12 3543669                    /lib/x86_64-linux-gnu/libdl-2.27.so
7f9830c57000-7f9830c58000 rw-p 00003000 08:12 3543669                    /lib/x86_64-linux-gnu/libdl-2.27.so
7f9830c58000-7f9830c6f000 r-xp 00000000 08:12 1313842                    /usr/lib/jvm/java-8-oracle/jre/lib/amd64/jli/libjli.so
7f9830c6f000-7f9830e6e000 ---p 00017000 08:12 1313842                    /usr/lib/jvm/java-8-oracle/jre/lib/amd64/jli/libjli.so
7f9830e6e000-7f9830e6f000 r--p 00016000 08:12 1313842                    /usr/lib/jvm/java-8-oracle/jre/lib/amd64/jli/libjli.so
7f9830e6f000-7f9830e70000 rw-p 00017000 08:12 1313842                    /usr/lib/jvm/java-8-oracle/jre/lib/amd64/jli/libjli.so
7f9830e70000-7f9830e8a000 r-xp 00000000 08:12 3543779                    /lib/x86_64-linux-gnu/libpthread-2.27.so
7f9830e8a000-7f9831089000 ---p 0001a000 08:12 3543779                    /lib/x86_64-linux-gnu/libpthread-2.27.so
7f9831089000-7f983108a000 r--p 00019000 08:12 3543779                    /lib/x86_64-linux-gnu/libpthread-2.27.so
7f983108a000-7f983108b000 rw-p 0001a000 08:12 3543779                    /lib/x86_64-linux-gnu/libpthread-2.27.so
7f983108b000-7f983108f000 rw-p 00000000 00:00 0 
7f983108f000-7f98310b6000 r-xp 00000000 08:12 3543618                    /lib/x86_64-linux-gnu/ld-2.27.so
7f98310b6000-7f98310c1000 r--s 00069000 08:12 10880303                   /home/batuhanca/.m2/repository/ch/qos/logback/logback-core/1.2.3/logback-core-1.2.3.jar
7f98310c1000-7f98310c7000 r--s 00041000 08:12 10880301                   /home/batuhanca/.m2/repository/ch/qos/logback/logback-classic/1.2.3/logback-classic-1.2.3.jar
7f98310c7000-7f98310c8000 r--s 00000000 08:12 10880222                   /home/batuhanca/.m2/repository/org/springframework/boot/spring-boot-starter-logging/2.1.0.RELEASE/spring-boot-starter-logging-2.1.0.RELEASE.jar
7f98310c8000-7f98310c9000 r--s 00000000 08:12 10880218                   /home/batuhanca/.m2/repository/org/springframework/boot/spring-boot-starter/2.1.0.RELEASE/spring-boot-starter-2.1.0.RELEASE.jar
7f98310c9000-7f983119a000 rw-p 00000000 00:00 0 
7f983119a000-7f983119b000 ---p 00000000 00:00 0 
7f983119b000-7f983119e000 ---p 00000000 00:00 0 
7f983119e000-7f983129f000 rw-p 00000000 00:00 0 
7f983129f000-7f98312a0000 r--s 00000000 08:12 10880949                   /home/batuhanca/.m2/repository/org/springframework/boot/spring-boot-starter-web/2.1.0.RELEASE/spring-boot-starter-web-2.1.0.RELEASE.jar
7f98312a0000-7f98312a2000 r--s 00002000 08:12 10881164                   /home/batuhanca/.m2/repository/org/apache/maven/surefire/surefire-logger-api/2.22.1/surefire-logger-api-2.22.1.jar
7f98312a2000-7f98312a7000 r--s 00029000 08:12 10881162                   /home/batuhanca/.m2/repository/org/apache/maven/surefire/surefire-api/2.22.1/surefire-api-2.22.1.jar
7f98312a7000-7f98312ab000 r--s 0003f000 08:12 10881166                   /home/batuhanca/.m2/repository/org/apache/maven/surefire/surefire-booter/2.22.1/surefire-booter-2.22.1.jar
7f98312ab000-7f98312ac000 r--s 00001000 08:12 11012264                   /home/batuhanca/Desktop/working_area/workspace_area/general_area/boot-docker-tryer/target/surefire/surefirebooter7712613647675094581.jar
7f98312ac000-7f98312b4000 rw-s 00000000 08:12 5243602                    /tmp/hsperfdata_batuhanca/9411
7f98312b4000-7f98312b5000 rw-p 00000000 00:00 0 
7f98312b5000-7f98312b6000 ---p 00000000 00:00 0 
7f98312b6000-7f98312b7000 r--p 00027000 08:12 3543618                    /lib/x86_64-linux-gnu/ld-2.27.so
7f98312b7000-7f98312b8000 rw-p 00028000 08:12 3543618                    /lib/x86_64-linux-gnu/ld-2.27.so
7f98312b8000-7f98312b9000 rw-p 00000000 00:00 0 
7ffed74e8000-7ffed7509000 rw-p 00000000 00:00 0                          [stack]
7ffed755d000-7ffed7560000 r--p 00000000 00:00 0                          [vvar]
7ffed7560000-7ffed7562000 r-xp 00000000 00:00 0                          [vdso]
ffffffffff600000-ffffffffff601000 r-xp 00000000 00:00 0                  [vsyscall]

VM Arguments:
java_command: /home/batuhanca/Desktop/working_area/workspace_area/general_area/boot-docker-tryer/target/surefire/surefirebooter7712613647675094581.jar /home/batuhanca/Desktop/working_area/workspace_area/general_area/boot-docker-tryer/target/surefire 2018-11-28T16-07-48_544-jvmRun1 surefire3709251685867851617tmp surefire_05108785567084072444tmp
java_class_path (initial): /home/batuhanca/Desktop/working_area/workspace_area/general_area/boot-docker-tryer/target/surefire/surefirebooter7712613647675094581.jar
Launcher Type: SUN_STANDARD

Environment Variables:
PATH=/usr/local/sbin:/usr/local/bin:/usr/sbin:/usr/bin:/sbin:/bin:/usr/games:/usr/local/games:/snap/bin
USERNAME=batuhanca
SHELL=/bin/bash
DISPLAY=:1

Signal Handlers:
SIGSEGV: [libjvm.so+0xaced60], sa_mask[0]=11111111011111111101111111111110, sa_flags=SA_RESTART|SA_SIGINFO
SIGBUS: [libjvm.so+0xaced60], sa_mask[0]=11111111011111111101111111111110, sa_flags=SA_RESTART|SA_SIGINFO
SIGFPE: [libjvm.so+0x907ca0], sa_mask[0]=11111111011111111101111111111110, sa_flags=SA_RESTART|SA_SIGINFO
SIGPIPE: [libjvm.so+0x907ca0], sa_mask[0]=11111111011111111101111111111110, sa_flags=SA_RESTART|SA_SIGINFO
SIGXFSZ: [libjvm.so+0x907ca0], sa_mask[0]=11111111011111111101111111111110, sa_flags=SA_RESTART|SA_SIGINFO
SIGILL: [libjvm.so+0x907ca0], sa_mask[0]=11111111011111111101111111111110, sa_flags=SA_RESTART|SA_SIGINFO
SIGUSR1: SIG_DFL, sa_mask[0]=00000000000000000000000000000000, sa_flags=none
SIGUSR2: [libjvm.so+0x907b70], sa_mask[0]=00100000000000000000000000000000, sa_flags=SA_RESTART|SA_SIGINFO
SIGHUP: [libjvm.so+0x908190], sa_mask[0]=11111111011111111101111111111110, sa_flags=SA_RESTART|SA_SIGINFO
SIGINT: [libjvm.so+0x908190], sa_mask[0]=11111111011111111101111111111110, sa_flags=SA_RESTART|SA_SIGINFO
SIGTERM: [libjvm.so+0x908190], sa_mask[0]=11111111011111111101111111111110, sa_flags=SA_RESTART|SA_SIGINFO
SIGQUIT: [libjvm.so+0x908190], sa_mask[0]=11111111011111111101111111111110, sa_flags=SA_RESTART|SA_SIGINFO


---------------  S Y S T E M  ---------------

OS:DISTRIB_ID=Ubuntu
DISTRIB_RELEASE=18.04
DISTRIB_CODENAME=bionic
DISTRIB_DESCRIPTION="Ubuntu 18.04.1 LTS"

uname:Linux 4.15.0-39-generic #42-Ubuntu SMP Tue Oct 23 15:48:01 UTC 2018 x86_64
libc:glibc 2.27 NPTL 2.27 
rlimit: STACK 8192k, CORE 0k, NPROC 30921, NOFILE 4096, AS infinity
load average:0,54 1,17 1,29

/proc/meminfo:
MemTotal:        8059516 kB
MemFree:          119984 kB
MemAvailable:      21928 kB
Buffers:            1240 kB
Cached:            54412 kB
SwapCached:         5636 kB
Active:          6222072 kB
Inactive:        1120604 kB
Active(anon):    6215924 kB
Inactive(anon):  1112660 kB
Active(file):       6148 kB
Inactive(file):     7944 kB
Unevictable:         344 kB
Mlocked:             344 kB
SwapTotal:       2097148 kB
SwapFree:              0 kB
Dirty:                92 kB
Writeback:             0 kB
AnonPages:       7282636 kB
Mapped:           180124 kB
Shmem:             40844 kB
Slab:             175652 kB
SReclaimable:      61608 kB
SUnreclaim:       114044 kB
KernelStack:       29600 kB
PageTables:       144468 kB
NFS_Unstable:          0 kB
Bounce:                0 kB
WritebackTmp:          0 kB
CommitLimit:     6126904 kB
Committed_AS:   37574224 kB
VmallocTotal:   34359738367 kB
VmallocUsed:           0 kB
VmallocChunk:          0 kB
HardwareCorrupted:     0 kB
AnonHugePages:         0 kB
ShmemHugePages:        0 kB
ShmemPmdMapped:        0 kB
CmaTotal:              0 kB
CmaFree:               0 kB
HugePages_Total:       0
HugePages_Free:        0
HugePages_Rsvd:        0
HugePages_Surp:        0
Hugepagesize:       2048 kB
DirectMap4k:      777832 kB
DirectMap2M:     7503872 kB
DirectMap1G:           0 kB

container (cgroup) information:
container_type: cgroupv1
cpu_cpuset_cpus: 0-3
cpu_memory_nodes: 0
active_processor_count: 4
cpu_quota: -1
cpu_period: 100000
cpu_shares: -1
memory_limit_in_bytes: -1
memory_and_swap_limit_in_bytes: -2
memory_soft_limit_in_bytes: -1
memory_usage_in_bytes: 7516966912
memory_max_usage_in_bytes: 1389047808


CPU:total 4 (initial active 4) (4 cores per cpu, 1 threads per core) family 6 model 158 stepping 9, cmov, cx8, fxsr, mmx, sse, sse2, sse3, ssse3, sse4.1, sse4.2, popcnt, avx, avx2, aes, clmul, erms, rtm, 3dnowpref, lzcnt, tsc, tscinvbit, bmi1, bmi2, adx

/proc/cpuinfo:
processor	: 0
vendor_id	: GenuineIntel
cpu family	: 6
model		: 158
model name	: Intel(R) Core(TM) i5-7500 CPU @ 3.40GHz
stepping	: 9
microcode	: 0x8e
cpu MHz		: 3609.057
cache size	: 6144 KB
physical id	: 0
siblings	: 4
core id		: 0
cpu cores	: 4
apicid		: 0
initial apicid	: 0
fpu		: yes
fpu_exception	: yes
cpuid level	: 22
wp		: yes
flags		: fpu vme de pse tsc msr pae mce cx8 apic sep mtrr pge mca cmov pat pse36 clflush dts acpi mmx fxsr sse sse2 ss ht tm pbe syscall nx pdpe1gb rdtscp lm constant_tsc art arch_perfmon pebs bts rep_good nopl xtopology nonstop_tsc cpuid aperfmperf tsc_known_freq pni pclmulqdq dtes64 monitor ds_cpl vmx smx est tm2 ssse3 sdbg fma cx16 xtpr pdcm pcid sse4_1 sse4_2 x2apic movbe popcnt tsc_deadline_timer aes xsave avx f16c rdrand lahf_lm abm 3dnowprefetch cpuid_fault epb invpcid_single pti ssbd ibrs ibpb stibp tpr_shadow vnmi flexpriority ept vpid fsgsbase tsc_adjust bmi1 hle avx2 smep bmi2 erms invpcid rtm mpx rdseed adx smap clflushopt intel_pt xsaveopt xsavec xgetbv1 xsaves dtherm ida arat pln pts hwp hwp_notify hwp_act_window hwp_epp flush_l1d
bugs		: cpu_meltdown spectre_v1 spectre_v2 spec_store_bypass l1tf
bogomips	: 6816.00
clflush size	: 64
cache_alignment	: 64
address sizes	: 39 bits physical, 48 bits virtual
power management:

processor	: 1
vendor_id	: GenuineIntel
cpu family	: 6
model		: 158
model name	: Intel(R) Core(TM) i5-7500 CPU @ 3.40GHz
stepping	: 9
microcode	: 0x8e
cpu MHz		: 3600.000
cache size	: 6144 KB
physical id	: 0
siblings	: 4
core id		: 1
cpu cores	: 4
apicid		: 2
initial apicid	: 2
fpu		: yes
fpu_exception	: yes
cpuid level	: 22
wp		: yes
flags		: fpu vme de pse tsc msr pae mce cx8 apic sep mtrr pge mca cmov pat pse36 clflush dts acpi mmx fxsr sse sse2 ss ht tm pbe syscall nx pdpe1gb rdtscp lm constant_tsc art arch_perfmon pebs bts rep_good nopl xtopology nonstop_tsc cpuid aperfmperf tsc_known_freq pni pclmulqdq dtes64 monitor ds_cpl vmx smx est tm2 ssse3 sdbg fma cx16 xtpr pdcm pcid sse4_1 sse4_2 x2apic movbe popcnt tsc_deadline_timer aes xsave avx f16c rdrand lahf_lm abm 3dnowprefetch cpuid_fault epb invpcid_single pti ssbd ibrs ibpb stibp tpr_shadow vnmi flexpriority ept vpid fsgsbase tsc_adjust bmi1 hle avx2 smep bmi2 erms invpcid rtm mpx rdseed adx smap clflushopt intel_pt xsaveopt xsavec xgetbv1 xsaves dtherm ida arat pln pts hwp hwp_notify hwp_act_window hwp_epp flush_l1d
bugs		: cpu_meltdown spectre_v1 spectre_v2 spec_store_bypass l1tf
bogomips	: 6816.00
clflush size	: 64
cache_alignment	: 64
address sizes	: 39 bits physical, 48 bits virtual
power management:

processor	: 2
vendor_id	: GenuineIntel
cpu family	: 6
model		: 158
model name	: Intel(R) Core(TM) i5-7500 CPU @ 3.40GHz
stepping	: 9
microcode	: 0x8e
cpu MHz		: 3612.406
cache size	: 6144 KB
physical id	: 0
siblings	: 4
core id		: 2
cpu cores	: 4
apicid		: 4
initial apicid	: 4
fpu		: yes
fpu_exception	: yes
cpuid level	: 22
wp		: yes
flags		: fpu vme de pse tsc msr pae mce cx8 apic sep mtrr pge mca cmov pat pse36 clflush dts acpi mmx fxsr sse sse2 ss ht tm pbe syscall nx pdpe1gb rdtscp lm constant_tsc art arch_perfmon pebs bts rep_good nopl xtopology nonstop_tsc cpuid aperfmperf tsc_known_freq pni pclmulqdq dtes64 monitor ds_cpl vmx smx est tm2 ssse3 sdbg fma cx16 xtpr pdcm pcid sse4_1 sse4_2 x2apic movbe popcnt tsc_deadline_timer aes xsave avx f16c rdrand lahf_lm abm 3dnowprefetch cpuid_fault epb invpcid_single pti ssbd ibrs ibpb stibp tpr_shadow vnmi flexpriority ept vpid fsgsbase tsc_adjust bmi1 hle avx2 smep bmi2 erms invpcid rtm mpx rdseed adx smap clflushopt intel_pt xsaveopt xsavec xgetbv1 xsaves dtherm ida arat pln pts hwp hwp_notify hwp_act_window hwp_epp flush_l1d
bugs		: cpu_meltdown spectre_v1 spectre_v2 spec_store_bypass l1tf
bogomips	: 6816.00
clflush size	: 64
cache_alignment	: 64
address sizes	: 39 bits physical, 48 bits virtual
power management:

processor	: 3
vendor_id	: GenuineIntel
cpu family	: 6
model		: 158
model name	: Intel(R) Core(TM) i5-7500 CPU @ 3.40GHz
stepping	: 9
microcode	: 0x8e
cpu MHz		: 3626.074
cache size	: 6144 KB
physical id	: 0
siblings	: 4
core id		: 3
cpu cores	: 4
apicid		: 6
initial apicid	: 6
fpu		: yes
fpu_exception	: yes
cpuid level	: 22
wp		: yes
flags		: fpu vme de pse tsc msr pae mce cx8 apic sep mtrr pge mca cmov pat pse36 clflush dts acpi mmx fxsr sse sse2 ss ht tm pbe syscall nx pdpe1gb rdtscp lm constant_tsc art arch_perfmon pebs bts rep_good nopl xtopology nonstop_tsc cpuid aperfmperf tsc_known_freq pni pclmulqdq dtes64 monitor ds_cpl vmx smx est tm2 ssse3 sdbg fma cx16 xtpr pdcm pcid sse4_1 sse4_2 x2apic movbe popcnt tsc_deadline_timer aes xsave avx f16c rdrand lahf_lm abm 3dnowprefetch cpuid_fault epb invpcid_single pti ssbd ibrs ibpb stibp tpr_shadow vnmi flexpriority ept vpid fsgsbase tsc_adjust bmi1 hle avx2 smep bmi2 erms invpcid rtm mpx rdseed adx smap clflushopt intel_pt xsaveopt xsavec xgetbv1 xsaves dtherm ida arat pln pts hwp hwp_notify hwp_act_window hwp_epp flush_l1d
bugs		: cpu_meltdown spectre_v1 spectre_v2 spec_store_bypass l1tf
bogomips	: 6816.00
clflush size	: 64
cache_alignment	: 64
address sizes	: 39 bits physical, 48 bits virtual
power management:



Memory: 4k page, physical 8059516k(119376k free), swap 2097148k(0k free)

vm_info: Java HotSpot(TM) 64-Bit Server VM (25.191-b12) for linux-amd64 JRE (1.8.0_191-b12), built on Oct  6 2018 05:43:09 by "java_re" with gcc 7.3.0

time: Wed Nov 28 16:07:51 2018
elapsed time: 2 seconds (0d 0h 0m 2s)

